<?xml version="1.0" encoding="UTF-8"?>
<coverage generated="1694538272">
  <project timestamp="1694538272">
    <file name="/home/runner/work/dev-fullstack/dev-fullstack/app/Console/Commands/GenerateSitemap.php">
      <class name="App\Console\Commands\GenerateSitemap" namespace="global">
        <metrics complexity="1" methods="1" coveredmethods="0" conditionals="0" coveredconditionals="0" statements="9" coveredstatements="0" elements="10" coveredelements="0"/>
      </class>
      <line num="29" type="method" name="handle" visibility="public" complexity="1" crap="2" count="0"/>
      <line num="31" type="stmt" count="0"/>
      <line num="32" type="stmt" count="0"/>
      <line num="33" type="stmt" count="0"/>
      <line num="34" type="stmt" count="0"/>
      <line num="35" type="stmt" count="0"/>
      <line num="36" type="stmt" count="0"/>
      <line num="37" type="stmt" count="0"/>
      <line num="38" type="stmt" count="0"/>
      <line num="39" type="stmt" count="0"/>
      <metrics loc="42" ncloc="29" classes="1" methods="1" coveredmethods="0" conditionals="0" coveredconditionals="0" statements="9" coveredstatements="0" elements="10" coveredelements="0"/>
    </file>
    <file name="/home/runner/work/dev-fullstack/dev-fullstack/app/Console/Kernel.php">
      <class name="App\Console\Kernel" namespace="global">
        <metrics complexity="2" methods="2" coveredmethods="1" conditionals="0" coveredconditionals="0" statements="3" coveredstatements="2" elements="5" coveredelements="3"/>
      </class>
      <line num="13" type="method" name="schedule" visibility="protected" complexity="1" crap="2" count="0"/>
      <line num="16" type="stmt" count="0"/>
      <line num="21" type="method" name="commands" visibility="protected" complexity="1" crap="1" count="9"/>
      <line num="23" type="stmt" count="9"/>
      <line num="25" type="stmt" count="9"/>
      <metrics loc="28" ncloc="21" classes="1" methods="2" coveredmethods="1" conditionals="0" coveredconditionals="0" statements="3" coveredstatements="2" elements="5" coveredelements="3"/>
    </file>
    <file name="/home/runner/work/dev-fullstack/dev-fullstack/app/Exceptions/Handler.php">
      <class name="App\Exceptions\Handler" namespace="global">
        <metrics complexity="1" methods="1" coveredmethods="1" conditionals="0" coveredconditionals="0" statements="2" coveredstatements="2" elements="3" coveredelements="3"/>
      </class>
      <line num="24" type="method" name="register" visibility="public" complexity="1" crap="1" count="9"/>
      <line num="26" type="stmt" count="9"/>
      <line num="28" type="stmt" count="9"/>
      <metrics loc="31" ncloc="22" classes="1" methods="1" coveredmethods="1" conditionals="0" coveredconditionals="0" statements="2" coveredstatements="2" elements="3" coveredelements="3"/>
    </file>
    <file name="/home/runner/work/dev-fullstack/dev-fullstack/app/Http/Controllers/AuthController.php">
      <class name="App\Http\Controllers\AuthController" namespace="global">
        <metrics complexity="1" methods="1" coveredmethods="1" conditionals="0" coveredconditionals="0" statements="1" coveredstatements="1" elements="2" coveredelements="2"/>
      </class>
      <line num="7" type="method" name="login" visibility="public" complexity="1" crap="1" count="1"/>
      <line num="9" type="stmt" count="1"/>
      <metrics loc="12" ncloc="12" classes="1" methods="1" coveredmethods="1" conditionals="0" coveredconditionals="0" statements="1" coveredstatements="1" elements="2" coveredelements="2"/>
    </file>
    <file name="/home/runner/work/dev-fullstack/dev-fullstack/app/Http/Controllers/Controller.php">
      <class name="App\Http\Controllers\Controller" namespace="global">
        <metrics complexity="0" methods="0" coveredmethods="0" conditionals="0" coveredconditionals="0" statements="0" coveredstatements="0" elements="0" coveredelements="0"/>
      </class>
      <metrics loc="13" ncloc="13" classes="0" methods="0" coveredmethods="0" conditionals="0" coveredconditionals="0" statements="0" coveredstatements="0" elements="0" coveredelements="0"/>
    </file>
    <file name="/home/runner/work/dev-fullstack/dev-fullstack/app/Http/Controllers/PostController.php">
      <class name="App\Http\Controllers\PostController" namespace="global">
        <metrics complexity="7" methods="7" coveredmethods="2" conditionals="0" coveredconditionals="0" statements="8" coveredstatements="3" elements="15" coveredelements="5"/>
      </class>
      <line num="16" type="method" name="index" visibility="public" complexity="1" crap="1" count="1"/>
      <line num="18" type="stmt" count="1"/>
      <line num="24" type="method" name="create" visibility="public" complexity="1" crap="2" count="0"/>
      <line num="27" type="stmt" count="0"/>
      <line num="32" type="method" name="store" visibility="public" complexity="1" crap="2" count="0"/>
      <line num="35" type="stmt" count="0"/>
      <line num="40" type="method" name="show" visibility="public" complexity="1" crap="1" count="1"/>
      <line num="42" type="stmt" count="1"/>
      <line num="44" type="stmt" count="1"/>
      <line num="50" type="method" name="edit" visibility="public" complexity="1" crap="2" count="0"/>
      <line num="53" type="stmt" count="0"/>
      <line num="58" type="method" name="update" visibility="public" complexity="1" crap="2" count="0"/>
      <line num="61" type="stmt" count="0"/>
      <line num="66" type="method" name="destroy" visibility="public" complexity="1" crap="2" count="0"/>
      <line num="69" type="stmt" count="0"/>
      <metrics loc="71" ncloc="45" classes="1" methods="7" coveredmethods="2" conditionals="0" coveredconditionals="0" statements="8" coveredstatements="3" elements="15" coveredelements="5"/>
    </file>
    <file name="/home/runner/work/dev-fullstack/dev-fullstack/app/Http/Kernel.php">
      <class name="App\Http\Kernel" namespace="global">
        <metrics complexity="0" methods="0" coveredmethods="0" conditionals="0" coveredconditionals="0" statements="0" coveredstatements="0" elements="0" coveredelements="0"/>
      </class>
      <metrics loc="69" ncloc="48" classes="0" methods="0" coveredmethods="0" conditionals="0" coveredconditionals="0" statements="0" coveredstatements="0" elements="0" coveredelements="0"/>
    </file>
    <file name="/home/runner/work/dev-fullstack/dev-fullstack/app/Http/Livewire/Auth/Login.php">
      <class name="App\Http\Livewire\Auth\Login" namespace="global">
        <metrics complexity="3" methods="2" coveredmethods="2" conditionals="0" coveredconditionals="0" statements="9" coveredstatements="9" elements="11" coveredelements="11"/>
      </class>
      <line num="19" type="method" name="login" visibility="public" complexity="2" crap="2" count="2"/>
      <line num="21" type="stmt" count="2"/>
      <line num="23" type="stmt" count="2"/>
      <line num="24" type="stmt" count="2"/>
      <line num="25" type="stmt" count="2"/>
      <line num="26" type="stmt" count="2"/>
      <line num="28" type="stmt" count="2"/>
      <line num="30" type="stmt" count="1"/>
      <line num="34" type="stmt" count="1"/>
      <line num="37" type="method" name="render" visibility="public" complexity="1" crap="1" count="3"/>
      <line num="39" type="stmt" count="3"/>
      <metrics loc="42" ncloc="40" classes="1" methods="2" coveredmethods="2" conditionals="0" coveredconditionals="0" statements="9" coveredstatements="9" elements="11" coveredelements="11"/>
    </file>
    <file name="/home/runner/work/dev-fullstack/dev-fullstack/app/Http/Livewire/Auth/LogoutConfirmationModal.php">
      <class name="App\Http\Livewire\Auth\LogoutConfirmationModal" namespace="global">
        <metrics complexity="4" methods="4" coveredmethods="4" conditionals="0" coveredconditionals="0" statements="8" coveredstatements="8" elements="12" coveredelements="12"/>
      </class>
      <line num="16" type="method" name="openModal" visibility="public" complexity="1" crap="1" count="1"/>
      <line num="18" type="stmt" count="1"/>
      <line num="21" type="method" name="closeModal" visibility="public" complexity="1" crap="1" count="1"/>
      <line num="23" type="stmt" count="1"/>
      <line num="26" type="method" name="logout" visibility="public" complexity="1" crap="1" count="1"/>
      <line num="28" type="stmt" count="1"/>
      <line num="29" type="stmt" count="1"/>
      <line num="30" type="stmt" count="1"/>
      <line num="31" type="stmt" count="1"/>
      <line num="33" type="stmt" count="1"/>
      <line num="36" type="method" name="render" visibility="public" complexity="1" crap="1" count="1"/>
      <line num="38" type="stmt" count="1"/>
      <metrics loc="41" ncloc="41" classes="1" methods="4" coveredmethods="4" conditionals="0" coveredconditionals="0" statements="8" coveredstatements="8" elements="12" coveredelements="12"/>
    </file>
    <file name="/home/runner/work/dev-fullstack/dev-fullstack/app/Http/Livewire/Dashboard/ChatGpt.php">
      <class name="App\Http\Livewire\Dashboard\ChatGpt" namespace="global">
        <metrics complexity="4" methods="2" coveredmethods="0" conditionals="0" coveredconditionals="0" statements="17" coveredstatements="0" elements="19" coveredelements="0"/>
      </class>
      <line num="23" type="method" name="fetchResponse" visibility="public" complexity="3" crap="12" count="0"/>
      <line num="29" type="stmt" count="0"/>
      <line num="30" type="stmt" count="0"/>
      <line num="31" type="stmt" count="0"/>
      <line num="32" type="stmt" count="0"/>
      <line num="33" type="stmt" count="0"/>
      <line num="35" type="stmt" count="0"/>
      <line num="36" type="stmt" count="0"/>
      <line num="37" type="stmt" count="0"/>
      <line num="38" type="stmt" count="0"/>
      <line num="39" type="stmt" count="0"/>
      <line num="40" type="stmt" count="0"/>
      <line num="42" type="stmt" count="0"/>
      <line num="44" type="stmt" count="0"/>
      <line num="46" type="stmt" count="0"/>
      <line num="49" type="stmt" count="0"/>
      <line num="50" type="stmt" count="0"/>
      <line num="54" type="method" name="render" visibility="public" complexity="1" crap="2" count="0"/>
      <line num="56" type="stmt" count="0"/>
      <metrics loc="59" ncloc="58" classes="1" methods="2" coveredmethods="0" conditionals="0" coveredconditionals="0" statements="17" coveredstatements="0" elements="19" coveredelements="0"/>
    </file>
    <file name="/home/runner/work/dev-fullstack/dev-fullstack/app/Http/Livewire/Layout/Footer.php">
      <class name="App\Http\Livewire\Layout\Footer" namespace="global">
        <metrics complexity="1" methods="1" coveredmethods="1" conditionals="0" coveredconditionals="0" statements="1" coveredstatements="1" elements="2" coveredelements="2"/>
      </class>
      <line num="14" type="method" name="render" visibility="public" complexity="1" crap="1" count="5"/>
      <line num="16" type="stmt" count="5"/>
      <metrics loc="19" ncloc="19" classes="1" methods="1" coveredmethods="1" conditionals="0" coveredconditionals="0" statements="1" coveredstatements="1" elements="2" coveredelements="2"/>
    </file>
    <file name="/home/runner/work/dev-fullstack/dev-fullstack/app/Http/Livewire/Layout/Header.php">
      <class name="App\Http\Livewire\Layout\Header" namespace="global">
        <metrics complexity="1" methods="1" coveredmethods="1" conditionals="0" coveredconditionals="0" statements="1" coveredstatements="1" elements="2" coveredelements="2"/>
      </class>
      <line num="14" type="method" name="render" visibility="public" complexity="1" crap="1" count="5"/>
      <line num="16" type="stmt" count="5"/>
      <metrics loc="19" ncloc="19" classes="1" methods="1" coveredmethods="1" conditionals="0" coveredconditionals="0" statements="1" coveredstatements="1" elements="2" coveredelements="2"/>
    </file>
    <file name="/home/runner/work/dev-fullstack/dev-fullstack/app/Http/Livewire/Layout/NavTrait.php">
      <class name="App\Http\Livewire\Layout\NavTrait" namespace="global">
        <metrics complexity="2" methods="2" coveredmethods="2" conditionals="0" coveredconditionals="0" statements="4" coveredstatements="4" elements="6" coveredelements="6"/>
      </class>
      <line num="29" type="method" name="mount" visibility="public" complexity="1" crap="1" count="6"/>
      <line num="31" type="stmt" count="6"/>
      <line num="34" type="method" name="getNavCollection" visibility="protected" complexity="1" crap="1" count="6"/>
      <line num="36" type="stmt" count="6"/>
      <line num="37" type="stmt" count="6"/>
      <line num="39" type="stmt" count="6"/>
      <metrics loc="42" ncloc="42" classes="1" methods="2" coveredmethods="2" conditionals="0" coveredconditionals="0" statements="4" coveredstatements="4" elements="6" coveredelements="6"/>
    </file>
    <file name="/home/runner/work/dev-fullstack/dev-fullstack/app/Http/Livewire/Posts/Featured.php">
      <class name="App\Http\Livewire\Posts\Featured" namespace="global">
        <metrics complexity="2" methods="1" coveredmethods="0" conditionals="0" coveredconditionals="0" statements="4" coveredstatements="3" elements="5" coveredelements="3"/>
      </class>
      <line num="13" type="method" name="render" visibility="public" complexity="2" crap="2.06" count="1"/>
      <line num="15" type="stmt" count="1"/>
      <line num="17" type="stmt" count="1"/>
      <line num="18" type="stmt" count="0"/>
      <line num="21" type="stmt" count="1"/>
      <metrics loc="24" ncloc="24" classes="1" methods="1" coveredmethods="0" conditionals="0" coveredconditionals="0" statements="4" coveredstatements="3" elements="5" coveredelements="3"/>
    </file>
    <file name="/home/runner/work/dev-fullstack/dev-fullstack/app/Http/Livewire/Posts/Index.php">
      <class name="App\Http\Livewire\Posts\Index" namespace="global">
        <metrics complexity="3" methods="3" coveredmethods="2" conditionals="0" coveredconditionals="0" statements="4" coveredstatements="3" elements="7" coveredelements="5"/>
      </class>
      <line num="17" type="method" name="mount" visibility="public" complexity="1" crap="1" count="1"/>
      <line num="19" type="stmt" count="1"/>
      <line num="22" type="method" name="load" visibility="public" complexity="1" crap="2" count="0"/>
      <line num="24" type="stmt" count="0"/>
      <line num="27" type="method" name="render" visibility="public" complexity="1" crap="1" count="1"/>
      <line num="29" type="stmt" count="1"/>
      <line num="31" type="stmt" count="1"/>
      <metrics loc="34" ncloc="34" classes="1" methods="3" coveredmethods="2" conditionals="0" coveredconditionals="0" statements="4" coveredstatements="3" elements="7" coveredelements="5"/>
    </file>
    <file name="/home/runner/work/dev-fullstack/dev-fullstack/app/Http/Livewire/Posts/Show.php">
      <class name="App\Http\Livewire\Posts\Show" namespace="global">
        <metrics complexity="2" methods="2" coveredmethods="2" conditionals="0" coveredconditionals="0" statements="2" coveredstatements="2" elements="4" coveredelements="4"/>
      </class>
      <line num="12" type="method" name="mount" visibility="public" complexity="1" crap="1" count="1"/>
      <line num="14" type="stmt" count="1"/>
      <line num="17" type="method" name="render" visibility="public" complexity="1" crap="1" count="1"/>
      <line num="19" type="stmt" count="1"/>
      <metrics loc="22" ncloc="22" classes="1" methods="2" coveredmethods="2" conditionals="0" coveredconditionals="0" statements="2" coveredstatements="2" elements="4" coveredelements="4"/>
    </file>
    <file name="/home/runner/work/dev-fullstack/dev-fullstack/app/Models/Category.php">
      <class name="App\Models\Category" namespace="global">
        <metrics complexity="1" methods="1" coveredmethods="0" conditionals="0" coveredconditionals="0" statements="1" coveredstatements="0" elements="2" coveredelements="0"/>
      </class>
      <line num="15" type="method" name="posts" visibility="public" complexity="1" crap="2" count="0"/>
      <line num="17" type="stmt" count="0"/>
      <metrics loc="20" ncloc="20" classes="1" methods="1" coveredmethods="0" conditionals="0" coveredconditionals="0" statements="1" coveredstatements="0" elements="2" coveredelements="0"/>
    </file>
    <file name="/home/runner/work/dev-fullstack/dev-fullstack/app/Models/Post.php">
      <class name="App\Models\Post" namespace="global">
        <metrics complexity="7" methods="3" coveredmethods="2" conditionals="0" coveredconditionals="0" statements="13" coveredstatements="12" elements="16" coveredelements="14"/>
      </class>
      <line num="18" type="method" name="categories" visibility="public" complexity="1" crap="1" count="2"/>
      <line num="20" type="stmt" count="2"/>
      <line num="26" type="method" name="boot" visibility="public" complexity="1" crap="1" count="2"/>
      <line num="28" type="stmt" count="2"/>
      <line num="30" type="stmt" count="2"/>
      <line num="31" type="stmt" count="2"/>
      <line num="32" type="stmt" count="2"/>
      <line num="35" type="method" name="limitedContent" visibility="public" complexity="5" crap="5.05" count="1"/>
      <line num="37" type="stmt" count="1"/>
      <line num="38" type="stmt" count="0"/>
      <line num="41" type="stmt" count="1"/>
      <line num="44" type="stmt" count="1"/>
      <line num="46" type="stmt" count="1"/>
      <line num="49" type="stmt" count="1"/>
      <line num="50" type="stmt" count="1"/>
      <line num="54" type="stmt" count="1"/>
      <metrics loc="57" ncloc="51" classes="1" methods="3" coveredmethods="2" conditionals="0" coveredconditionals="0" statements="13" coveredstatements="12" elements="16" coveredelements="14"/>
    </file>
    <file name="/home/runner/work/dev-fullstack/dev-fullstack/app/Models/User.php">
      <class name="App\Models\User" namespace="global">
        <metrics complexity="0" methods="0" coveredmethods="0" conditionals="0" coveredconditionals="0" statements="0" coveredstatements="0" elements="0" coveredelements="0"/>
      </class>
      <metrics loc="46" ncloc="30" classes="0" methods="0" coveredmethods="0" conditionals="0" coveredconditionals="0" statements="0" coveredstatements="0" elements="0" coveredelements="0"/>
    </file>
    <file name="/home/runner/work/dev-fullstack/dev-fullstack/app/Providers/AppServiceProvider.php">
      <class name="App\Providers\AppServiceProvider" namespace="global">
        <metrics complexity="3" methods="2" coveredmethods="1" conditionals="0" coveredconditionals="0" statements="4" coveredstatements="3" elements="6" coveredelements="4"/>
      </class>
      <line num="13" type="method" name="register" visibility="public" complexity="1" crap="1" count="9"/>
      <line num="16" type="stmt" count="9"/>
      <line num="21" type="method" name="boot" visibility="public" complexity="2" crap="2.15" count="9"/>
      <line num="23" type="stmt" count="9"/>
      <line num="25" type="stmt" count="9"/>
      <line num="26" type="stmt" count="0"/>
      <metrics loc="30" ncloc="23" classes="1" methods="2" coveredmethods="1" conditionals="0" coveredconditionals="0" statements="4" coveredstatements="3" elements="6" coveredelements="4"/>
    </file>
    <file name="/home/runner/work/dev-fullstack/dev-fullstack/app/Providers/AuthServiceProvider.php">
      <class name="App\Providers\AuthServiceProvider" namespace="global">
        <metrics complexity="1" methods="1" coveredmethods="1" conditionals="0" coveredconditionals="0" statements="1" coveredstatements="1" elements="2" coveredelements="2"/>
      </class>
      <line num="22" type="method" name="boot" visibility="public" complexity="1" crap="1" count="9"/>
      <line num="25" type="stmt" count="9"/>
      <metrics loc="27" ncloc="17" classes="1" methods="1" coveredmethods="1" conditionals="0" coveredconditionals="0" statements="1" coveredstatements="1" elements="2" coveredelements="2"/>
    </file>
    <file name="/home/runner/work/dev-fullstack/dev-fullstack/app/Providers/BroadcastServiceProvider.php">
      <class name="App\Providers\BroadcastServiceProvider" namespace="global">
        <metrics complexity="1" methods="1" coveredmethods="0" conditionals="0" coveredconditionals="0" statements="2" coveredstatements="0" elements="3" coveredelements="0"/>
      </class>
      <line num="13" type="method" name="boot" visibility="public" complexity="1" crap="2" count="0"/>
      <line num="15" type="stmt" count="0"/>
      <line num="17" type="stmt" count="0"/>
      <metrics loc="20" ncloc="17" classes="1" methods="1" coveredmethods="0" conditionals="0" coveredconditionals="0" statements="2" coveredstatements="0" elements="3" coveredelements="0"/>
    </file>
    <file name="/home/runner/work/dev-fullstack/dev-fullstack/app/Providers/EventServiceProvider.php">
      <class name="App\Providers\EventServiceProvider" namespace="global">
        <metrics complexity="2" methods="2" coveredmethods="2" conditionals="0" coveredconditionals="0" statements="2" coveredstatements="2" elements="4" coveredelements="4"/>
      </class>
      <line num="26" type="method" name="boot" visibility="public" complexity="1" crap="1" count="9"/>
      <line num="29" type="stmt" count="9"/>
      <line num="34" type="method" name="shouldDiscoverEvents" visibility="public" complexity="1" crap="1" count="9"/>
      <line num="36" type="stmt" count="9"/>
      <metrics loc="39" ncloc="27" classes="1" methods="2" coveredmethods="2" conditionals="0" coveredconditionals="0" statements="2" coveredstatements="2" elements="4" coveredelements="4"/>
    </file>
    <file name="/home/runner/work/dev-fullstack/dev-fullstack/app/Providers/RouteServiceProvider.php">
      <class name="App\Providers\RouteServiceProvider" namespace="global">
        <metrics complexity="2" methods="1" coveredmethods="0" conditionals="0" coveredconditionals="0" statements="10" coveredstatements="9" elements="11" coveredelements="9"/>
      </class>
      <line num="25" type="method" name="boot" visibility="public" complexity="2" crap="2.00" count="9"/>
      <line num="27" type="stmt" count="9"/>
      <line num="28" type="stmt" count="0"/>
      <line num="29" type="stmt" count="9"/>
      <line num="31" type="stmt" count="9"/>
      <line num="32" type="stmt" count="9"/>
      <line num="33" type="stmt" count="9"/>
      <line num="34" type="stmt" count="9"/>
      <line num="36" type="stmt" count="9"/>
      <line num="37" type="stmt" count="9"/>
      <line num="38" type="stmt" count="9"/>
      <metrics loc="41" ncloc="31" classes="1" methods="1" coveredmethods="0" conditionals="0" coveredconditionals="0" statements="10" coveredstatements="9" elements="11" coveredelements="9"/>
    </file>
    <metrics files="24" loc="848" ncloc="705" classes="21" methods="41" coveredmethods="25" conditionals="0" coveredconditionals="0" statements="106" coveredstatements="66" elements="147" coveredelements="91"/>
  </project>
</coverage>
